{
  message: 'Controller -> getAnimals : Error while fetching animals : Error: Some error occurred',
  level: 'error',
  label: 'Civilisation API',
  timestamp: '2023-Aug-01 23:24:13'
}
{
  message: 'Controller -> addAnimal : Error while adding animal. Schema not validate : ValidationError: "age" must be a number',
  level: 'error',
  label: 'Civilisation API',
  timestamp: '2023-Aug-01 23:24:13'
}
{
  message: 'Controller -> addAnimal : Error while adding animal: Error: Some error occurred',
  level: 'error',
  label: 'Civilisation API',
  timestamp: '2023-Aug-01 23:24:13'
}
{
  message: 'Controller -> getOneAnimal : Animal : some_non_existent_id not found',
  level: 'error',
  label: 'Civilisation API',
  timestamp: '2023-Aug-01 23:24:13'
}
{
  message: 'Controller -> getOneAnimal : Error while fetching a single animal : Error: Some error occurred',
  level: 'error',
  label: 'Civilisation API',
  timestamp: '2023-Aug-01 23:24:13'
}
{
  message: 'Controller -> updateAnimal : Animal : some_non_existent_id not found',
  level: 'error',
  label: 'Civilisation API',
  timestamp: '2023-Aug-01 23:24:13'
}
{
  message: 'Controller -> updateAnimal : Error while updating animal : Error: Some error occurred',
  level: 'error',
  label: 'Civilisation API',
  timestamp: '2023-Aug-01 23:24:13'
}
{
  message: 'Controller -> deleteAnimal : Animal : some_non_existent_id not found',
  level: 'error',
  label: 'Civilisation API',
  timestamp: '2023-Aug-01 23:24:13'
}
