{
  message: 'Controller -> getAnimals : Animals fetch',
  level: 'info',
  label: 'Civilisation API',
  timestamp: '2023-Aug-01 23:24:13'
}
{
  message: 'Controller -> getAnimals : Error while fetching animals : Error: Some error occurred',
  level: 'error',
  label: 'Civilisation API',
  timestamp: '2023-Aug-01 23:24:13'
}
{
  message: 'Controller -> addAnimal : Animals Chien created',
  level: 'info',
  label: 'Civilisation API',
  timestamp: '2023-Aug-01 23:24:13'
}
{
  message: 'Controller -> addAnimal : Error while adding animal. Schema not validate : ValidationError: "age" must be a number',
  level: 'error',
  label: 'Civilisation API',
  timestamp: '2023-Aug-01 23:24:13'
}
{
  message: 'Controller -> addAnimal : Error while adding animal: Error: Some error occurred',
  level: 'error',
  label: 'Civilisation API',
  timestamp: '2023-Aug-01 23:24:13'
}
{
  message: 'Controller -> getOneAnimal : Animal: Chien found',
  level: 'info',
  label: 'Civilisation API',
  timestamp: '2023-Aug-01 23:24:13'
}
{
  message: 'Controller -> getOneAnimal : Animal : some_non_existent_id not found',
  level: 'error',
  label: 'Civilisation API',
  timestamp: '2023-Aug-01 23:24:13'
}
{
  message: 'Controller -> getOneAnimal : Error while fetching a single animal : Error: Some error occurred',
  level: 'error',
  label: 'Civilisation API',
  timestamp: '2023-Aug-01 23:24:13'
}
{
  message: 'Controller -> updateAnimal : Animal: Chien updated',
  level: 'info',
  label: 'Civilisation API',
  timestamp: '2023-Aug-01 23:24:13'
}
{
  message: 'Controller -> updateAnimal : Animal : some_non_existent_id not found',
  level: 'error',
  label: 'Civilisation API',
  timestamp: '2023-Aug-01 23:24:13'
}
{
  message: 'Controller -> updateAnimal : Error while updating animal : Error: Some error occurred',
  level: 'error',
  label: 'Civilisation API',
  timestamp: '2023-Aug-01 23:24:13'
}
{
  message: 'Controller -> deleteAnimal : Animal: Chien deleted',
  level: 'info',
  label: 'Civilisation API',
  timestamp: '2023-Aug-01 23:24:13'
}
{
  message: 'Controller -> deleteAnimal : Animal : some_non_existent_id not found',
  level: 'error',
  label: 'Civilisation API',
  timestamp: '2023-Aug-01 23:24:13'
}
{
  errno: undefined,
  code: 'ENOTFOUND',
  syscall: 'querySrv',
  hostname: '_mongodb._tcp.mongodb-iw-m1.k2fxrp6.mongodb.net',
  level: 'error',
  message: '`Database connection error querySrv ENOTFOUND _mongodb._tcp.mongodb-iw-m1.k2fxrp6.mongodb.net',
  stack: 'Error: querySrv ENOTFOUND _mongodb._tcp.mongodb-iw-m1.k2fxrp6.mongodb.net\n' +
    '    at QueryReqWrap.onresolve [as oncomplete] (node:internal/dns/promises:252:17)',
  label: 'Civilisation API',
  timestamp: '2023-Dec-19 20:39:22'
}
{
  message: 'Server is listening on port 3000',
  level: 'info',
  label: 'Civilisation API',
  timestamp: '2023-Dec-19 20:39:22'
}
{
  message: 'Controller -> getAnimals : Animals fetch',
  level: 'info',
  label: 'Civilisation API',
  timestamp: '2023-Dec-19 20:42:22'
}
{
  message: 'Controller -> getAnimals : Error while fetching animals : Error: Some error occurred',
  level: 'error',
  label: 'Civilisation API',
  timestamp: '2023-Dec-19 20:42:22'
}
{
  message: 'Controller -> addAnimal : Animals Chien created',
  level: 'info',
  label: 'Civilisation API',
  timestamp: '2023-Dec-19 20:42:22'
}
{
  message: 'Controller -> addAnimal : Error while adding animal. Schema not validate : ValidationError: "age" must be a number',
  level: 'error',
  label: 'Civilisation API',
  timestamp: '2023-Dec-19 20:42:22'
}
{
  message: 'Controller -> addAnimal : Error while adding animal: Error: Some error occurred',
  level: 'error',
  label: 'Civilisation API',
  timestamp: '2023-Dec-19 20:42:22'
}
{
  message: 'Controller -> getOneAnimal : Animal: Chien found',
  level: 'info',
  label: 'Civilisation API',
  timestamp: '2023-Dec-19 20:42:22'
}
{
  message: 'Controller -> getOneAnimal : Animal : some_non_existent_id not found',
  level: 'error',
  label: 'Civilisation API',
  timestamp: '2023-Dec-19 20:42:22'
}
{
  message: 'Controller -> getOneAnimal : Error while fetching a single animal : Error: Some error occurred',
  level: 'error',
  label: 'Civilisation API',
  timestamp: '2023-Dec-19 20:42:22'
}
{
  message: 'Controller -> updateAnimal : Animal: Chien updated',
  level: 'info',
  label: 'Civilisation API',
  timestamp: '2023-Dec-19 20:42:22'
}
{
  message: 'Controller -> updateAnimal : Animal : some_non_existent_id not found',
  level: 'error',
  label: 'Civilisation API',
  timestamp: '2023-Dec-19 20:42:22'
}
{
  message: 'Controller -> updateAnimal : Error while updating animal : Error: Some error occurred',
  level: 'error',
  label: 'Civilisation API',
  timestamp: '2023-Dec-19 20:42:22'
}
{
  message: 'Controller -> deleteAnimal : Animal: Chien deleted',
  level: 'info',
  label: 'Civilisation API',
  timestamp: '2023-Dec-19 20:42:22'
}
{
  message: 'Controller -> deleteAnimal : Animal : some_non_existent_id not found',
  level: 'error',
  label: 'Civilisation API',
  timestamp: '2023-Dec-19 20:42:22'
}
{
  errno: undefined,
  code: 'ENOTFOUND',
  syscall: 'querySrv',
  hostname: '_mongodb._tcp.mongodb-iw-m1.k2fxrp6.mongodb.net',
  level: 'error',
  message: '`Database connection error querySrv ENOTFOUND _mongodb._tcp.mongodb-iw-m1.k2fxrp6.mongodb.net',
  stack: 'Error: querySrv ENOTFOUND _mongodb._tcp.mongodb-iw-m1.k2fxrp6.mongodb.net\n' +
    '    at QueryReqWrap.onresolve [as oncomplete] (node:internal/dns/promises:252:17)',
  label: 'Civilisation API',
  timestamp: '2023-Dec-19 20:47:40'
}
{
  message: 'Server is listening on port 3000',
  level: 'info',
  label: 'Civilisation API',
  timestamp: '2023-Dec-19 20:47:40'
}
{
  errno: undefined,
  code: 'ENOTFOUND',
  syscall: 'querySrv',
  hostname: '_mongodb._tcp.mongodb-iw-m1.k2fxrp6.mongodb.net',
  level: 'error',
  message: '`Database connection error querySrv ENOTFOUND _mongodb._tcp.mongodb-iw-m1.k2fxrp6.mongodb.net',
  stack: 'Error: querySrv ENOTFOUND _mongodb._tcp.mongodb-iw-m1.k2fxrp6.mongodb.net\n' +
    '    at QueryReqWrap.onresolve [as oncomplete] (node:internal/dns/promises:252:17)',
  label: 'Civilisation API',
  timestamp: '2023-Dec-19 20:48:33'
}
{
  message: 'Server is listening on port 3000',
  level: 'info',
  label: 'Civilisation API',
  timestamp: '2023-Dec-19 20:48:33'
}
{
  errno: undefined,
  code: 'ENOTFOUND',
  syscall: 'querySrv',
  hostname: '_mongodb._tcp.mongodb-iw-m1.k2fxrp6.mongodb.net',
  level: 'error',
  message: '`Database connection error querySrv ENOTFOUND _mongodb._tcp.mongodb-iw-m1.k2fxrp6.mongodb.net',
  stack: 'Error: querySrv ENOTFOUND _mongodb._tcp.mongodb-iw-m1.k2fxrp6.mongodb.net\n' +
    '    at QueryReqWrap.onresolve [as oncomplete] (node:internal/dns/promises:252:17)',
  label: 'Civilisation API',
  timestamp: '2023-Dec-19 20:51:19'
}
{
  message: 'Server is listening on port 3000',
  level: 'info',
  label: 'Civilisation API',
  timestamp: '2023-Dec-19 20:51:19'
}
{
  errno: undefined,
  code: 'ENOTFOUND',
  syscall: 'querySrv',
  hostname: '_mongodb._tcp.mongodb-iw-m1.k2fxrp6.mongodb.net',
  level: 'error',
  message: '`Database connection error querySrv ENOTFOUND _mongodb._tcp.mongodb-iw-m1.k2fxrp6.mongodb.net',
  stack: 'Error: querySrv ENOTFOUND _mongodb._tcp.mongodb-iw-m1.k2fxrp6.mongodb.net\n' +
    '    at QueryReqWrap.onresolve [as oncomplete] (node:internal/dns/promises:252:17)',
  label: 'Civilisation API',
  timestamp: '2023-Dec-19 20:51:34'
}
{
  message: 'Server is listening on port 3000',
  level: 'info',
  label: 'Civilisation API',
  timestamp: '2023-Dec-19 20:51:34'
}
{
  errno: undefined,
  code: 'ENOTFOUND',
  syscall: 'querySrv',
  hostname: '_mongodb._tcp.mongodb-iw-m1.k2fxrp6.mongodb.net',
  level: 'error',
  message: '`Database connection error querySrv ENOTFOUND _mongodb._tcp.mongodb-iw-m1.k2fxrp6.mongodb.net',
  stack: 'Error: querySrv ENOTFOUND _mongodb._tcp.mongodb-iw-m1.k2fxrp6.mongodb.net\n' +
    '    at QueryReqWrap.onresolve [as oncomplete] (node:internal/dns/promises:252:17)',
  label: 'Civilisation API',
  timestamp: '2023-Dec-19 20:51:45'
}
{
  message: 'Server is listening on port 3000',
  level: 'info',
  label: 'Civilisation API',
  timestamp: '2023-Dec-19 20:51:45'
}
{
  errno: undefined,
  code: 'ENOTFOUND',
  syscall: 'querySrv',
  hostname: '_mongodb._tcp.mongodb-iw-m1.k2fxrp6.mongodb.net',
  level: 'error',
  message: '`Database connection error querySrv ENOTFOUND _mongodb._tcp.mongodb-iw-m1.k2fxrp6.mongodb.net',
  stack: 'Error: querySrv ENOTFOUND _mongodb._tcp.mongodb-iw-m1.k2fxrp6.mongodb.net\n' +
    '    at QueryReqWrap.onresolve [as oncomplete] (node:internal/dns/promises:252:17)',
  label: 'Civilisation API',
  timestamp: '2023-Dec-19 20:52:17'
}
{
  message: 'Server is listening on port 3000',
  level: 'info',
  label: 'Civilisation API',
  timestamp: '2023-Dec-19 20:52:17'
}
{
  errno: undefined,
  code: 'ENOTFOUND',
  syscall: 'querySrv',
  hostname: '_mongodb._tcp.mongodb-iw-m1.k2fxrp6.mongodb.net',
  level: 'error',
  message: '`Database connection error querySrv ENOTFOUND _mongodb._tcp.mongodb-iw-m1.k2fxrp6.mongodb.net',
  stack: 'Error: querySrv ENOTFOUND _mongodb._tcp.mongodb-iw-m1.k2fxrp6.mongodb.net\n' +
    '    at QueryReqWrap.onresolve [as oncomplete] (node:internal/dns/promises:252:17)',
  label: 'Civilisation API',
  timestamp: '2023-Dec-19 20:53:11'
}
{
  message: 'Server is listening on port 3000',
  level: 'info',
  label: 'Civilisation API',
  timestamp: '2023-Dec-19 20:53:11'
}
{
  errno: undefined,
  code: 'ENOTFOUND',
  syscall: 'querySrv',
  hostname: '_mongodb._tcp.mongodb-iw-m1.k2fxrp6.mongodb.net',
  level: 'error',
  message: '`Database connection error querySrv ENOTFOUND _mongodb._tcp.mongodb-iw-m1.k2fxrp6.mongodb.net',
  stack: 'Error: querySrv ENOTFOUND _mongodb._tcp.mongodb-iw-m1.k2fxrp6.mongodb.net\n' +
    '    at QueryReqWrap.onresolve [as oncomplete] (node:internal/dns/promises:252:17)',
  label: 'Civilisation API',
  timestamp: '2023-Dec-19 20:53:20'
}
{
  message: 'Server is listening on port 3000',
  level: 'info',
  label: 'Civilisation API',
  timestamp: '2023-Dec-19 20:53:20'
}
{
  errno: undefined,
  code: 'ENOTFOUND',
  syscall: 'querySrv',
  hostname: '_mongodb._tcp.mongodb-iw-m1.k2fxrp6.mongodb.net',
  level: 'error',
  message: '`Database connection error querySrv ENOTFOUND _mongodb._tcp.mongodb-iw-m1.k2fxrp6.mongodb.net',
  stack: 'Error: querySrv ENOTFOUND _mongodb._tcp.mongodb-iw-m1.k2fxrp6.mongodb.net\n' +
    '    at QueryReqWrap.onresolve [as oncomplete] (node:internal/dns/promises:252:17)',
  label: 'Civilisation API',
  timestamp: '2023-Dec-19 20:53:32'
}
{
  message: 'Server is listening on port 3000',
  level: 'info',
  label: 'Civilisation API',
  timestamp: '2023-Dec-19 20:53:32'
}
{
  errno: undefined,
  code: 'ENOTFOUND',
  syscall: 'querySrv',
  hostname: '_mongodb._tcp.mongodb-iw-m1.k2fxrp6.mongodb.net',
  level: 'error',
  message: '`Database connection error querySrv ENOTFOUND _mongodb._tcp.mongodb-iw-m1.k2fxrp6.mongodb.net',
  stack: 'Error: querySrv ENOTFOUND _mongodb._tcp.mongodb-iw-m1.k2fxrp6.mongodb.net\n' +
    '    at QueryReqWrap.onresolve [as oncomplete] (node:internal/dns/promises:252:17)',
  label: 'Civilisation API',
  timestamp: '2023-Dec-19 20:53:47'
}
{
  message: 'Server is listening on port 3000',
  level: 'info',
  label: 'Civilisation API',
  timestamp: '2023-Dec-19 20:53:47'
}
{
  errno: undefined,
  code: 'ENOTFOUND',
  syscall: 'querySrv',
  hostname: '_mongodb._tcp.mongodb-iw-m1.k2fxrp6.mongodb.net',
  level: 'error',
  message: '`Database connection error querySrv ENOTFOUND _mongodb._tcp.mongodb-iw-m1.k2fxrp6.mongodb.net',
  stack: 'Error: querySrv ENOTFOUND _mongodb._tcp.mongodb-iw-m1.k2fxrp6.mongodb.net\n' +
    '    at QueryReqWrap.onresolve [as oncomplete] (node:internal/dns/promises:252:17)',
  label: 'Civilisation API',
  timestamp: '2023-Dec-19 21:57:50'
}
{
  message: 'Server is listening on port 3000',
  level: 'info',
  label: 'Civilisation API',
  timestamp: '2023-Dec-19 21:57:50'
}
{
  errno: undefined,
  code: 'ENOTFOUND',
  syscall: 'querySrv',
  hostname: '_mongodb._tcp.mongodb-iw-m1.k2fxrp6.mongodb.net',
  level: 'error',
  message: '`Database connection error querySrv ENOTFOUND _mongodb._tcp.mongodb-iw-m1.k2fxrp6.mongodb.net',
  stack: 'Error: querySrv ENOTFOUND _mongodb._tcp.mongodb-iw-m1.k2fxrp6.mongodb.net\n' +
    '    at QueryReqWrap.onresolve [as oncomplete] (node:internal/dns/promises:252:17)',
  label: 'Civilisation API',
  timestamp: '2023-Dec-19 21:58:20'
}
{
  message: 'Server is listening on port 3000',
  level: 'info',
  label: 'Civilisation API',
  timestamp: '2023-Dec-19 21:58:20'
}
{
  errno: undefined,
  code: 'ENOTFOUND',
  syscall: 'querySrv',
  hostname: '_mongodb._tcp.mongodb-iw-m1.k2fxrp6.mongodb.net',
  level: 'error',
  message: '`Database connection error querySrv ENOTFOUND _mongodb._tcp.mongodb-iw-m1.k2fxrp6.mongodb.net',
  stack: 'Error: querySrv ENOTFOUND _mongodb._tcp.mongodb-iw-m1.k2fxrp6.mongodb.net\n' +
    '    at QueryReqWrap.onresolve [as oncomplete] (node:internal/dns/promises:252:17)',
  label: 'Civilisation API',
  timestamp: '2023-Dec-19 21:58:30'
}
{
  message: 'Server is listening on port 3000',
  level: 'info',
  label: 'Civilisation API',
  timestamp: '2023-Dec-19 21:58:30'
}
{
  errno: undefined,
  code: 'ENOTFOUND',
  syscall: 'querySrv',
  hostname: '_mongodb._tcp.mongodb-iw-m1.k2fxrp6.mongodb.net',
  level: 'error',
  message: '`Database connection error querySrv ENOTFOUND _mongodb._tcp.mongodb-iw-m1.k2fxrp6.mongodb.net',
  stack: 'Error: querySrv ENOTFOUND _mongodb._tcp.mongodb-iw-m1.k2fxrp6.mongodb.net\n' +
    '    at QueryReqWrap.onresolve [as oncomplete] (node:internal/dns/promises:252:17)',
  label: 'Civilisation API',
  timestamp: '2023-Dec-19 22:00:59'
}
{
  message: 'Server is listening on port 3000',
  level: 'info',
  label: 'Civilisation API',
  timestamp: '2023-Dec-19 22:00:59'
}
{
  errno: undefined,
  code: 'ENOTFOUND',
  syscall: 'querySrv',
  hostname: '_mongodb._tcp.mongodb-iw-m1.k2fxrp6.mongodb.net',
  level: 'error',
  message: '`Database connection error querySrv ENOTFOUND _mongodb._tcp.mongodb-iw-m1.k2fxrp6.mongodb.net',
  stack: 'Error: querySrv ENOTFOUND _mongodb._tcp.mongodb-iw-m1.k2fxrp6.mongodb.net\n' +
    '    at QueryReqWrap.onresolve [as oncomplete] (node:internal/dns/promises:252:17)',
  label: 'Civilisation API',
  timestamp: '2023-Dec-19 22:14:40'
}
{
  message: 'Server is listening on port 3000',
  level: 'info',
  label: 'Civilisation API',
  timestamp: '2023-Dec-19 22:14:40'
}
{
  errno: undefined,
  code: 'ENOTFOUND',
  syscall: 'querySrv',
  hostname: '_mongodb._tcp.mongodb-iw-m1.k2fxrp6.mongodb.net',
  level: 'error',
  message: '`Database connection error querySrv ENOTFOUND _mongodb._tcp.mongodb-iw-m1.k2fxrp6.mongodb.net',
  stack: 'Error: querySrv ENOTFOUND _mongodb._tcp.mongodb-iw-m1.k2fxrp6.mongodb.net\n' +
    '    at QueryReqWrap.onresolve [as oncomplete] (node:internal/dns/promises:252:17)',
  label: 'Civilisation API',
  timestamp: '2023-Dec-19 22:15:07'
}
{
  message: 'Server is listening on port 3000',
  level: 'info',
  label: 'Civilisation API',
  timestamp: '2023-Dec-19 22:15:07'
}
{
  errno: undefined,
  code: 'ENOTFOUND',
  syscall: 'querySrv',
  hostname: '_mongodb._tcp.mongodb-iw-m1.k2fxrp6.mongodb.net',
  level: 'error',
  message: '`Database connection error querySrv ENOTFOUND _mongodb._tcp.mongodb-iw-m1.k2fxrp6.mongodb.net',
  stack: 'Error: querySrv ENOTFOUND _mongodb._tcp.mongodb-iw-m1.k2fxrp6.mongodb.net\n' +
    '    at QueryReqWrap.onresolve [as oncomplete] (node:internal/dns/promises:252:17)',
  label: 'Civilisation API',
  timestamp: '2023-Dec-20 17:38:24'
}
{
  message: 'Server is listening on port 3000',
  level: 'info',
  label: 'Civilisation API',
  timestamp: '2023-Dec-20 17:38:24'
}
{
  errno: undefined,
  code: 'ENOTFOUND',
  syscall: 'querySrv',
  hostname: '_mongodb._tcp.mongodb-iw-m1.k2fxrp6.mongodb.net',
  level: 'error',
  message: '`Database connection error querySrv ENOTFOUND _mongodb._tcp.mongodb-iw-m1.k2fxrp6.mongodb.net',
  stack: 'Error: querySrv ENOTFOUND _mongodb._tcp.mongodb-iw-m1.k2fxrp6.mongodb.net\n' +
    '    at QueryReqWrap.onresolve [as oncomplete] (node:internal/dns/promises:252:17)',
  label: 'Civilisation API',
  timestamp: '2023-Dec-20 17:38:50'
}
{
  message: 'Server is listening on port 3000',
  level: 'info',
  label: 'Civilisation API',
  timestamp: '2023-Dec-20 17:38:50'
}
